{"name":"hexo","hostname":"SolusArcher-YS","pid":6996,"level":20,"msg":"Hexo version: \u001b[35m3.5.0\u001b[39m","time":"2018-03-28T03:45:00.282Z","v":0}
{"name":"hexo","hostname":"SolusArcher-YS","pid":6996,"level":20,"msg":"Working directory: \u001b[35mC:\\code\\blog\\yanshixiao.github.io\\\u001b[39m","time":"2018-03-28T03:45:00.289Z","v":0}
{"name":"hexo","hostname":"SolusArcher-YS","pid":6996,"level":20,"msg":"Config loaded: \u001b[35mC:\\code\\blog\\yanshixiao.github.io\\_config.yml\u001b[39m","time":"2018-03-28T03:45:01.188Z","v":0}
{"name":"hexo","hostname":"SolusArcher-YS","pid":6996,"level":20,"msg":"Plugin loaded: \u001b[35mhexo-generator-archive\u001b[39m","time":"2018-03-28T03:45:01.337Z","v":0}
{"name":"hexo","hostname":"SolusArcher-YS","pid":6996,"level":20,"msg":"Plugin loaded: \u001b[35mhexo-deployer-git\u001b[39m","time":"2018-03-28T03:45:01.599Z","v":0}
{"name":"hexo","hostname":"SolusArcher-YS","pid":6996,"level":20,"msg":"Plugin loaded: \u001b[35mhexo-generator-category\u001b[39m","time":"2018-03-28T03:45:01.614Z","v":0}
{"name":"hexo","hostname":"SolusArcher-YS","pid":6996,"level":20,"msg":"Plugin loaded: \u001b[35mhexo-generator-index\u001b[39m","time":"2018-03-28T03:45:01.638Z","v":0}
{"name":"hexo","hostname":"SolusArcher-YS","pid":6996,"level":20,"msg":"Plugin loaded: \u001b[35mhexo-renderer-ejs\u001b[39m","time":"2018-03-28T03:45:01.670Z","v":0}
{"name":"hexo","hostname":"SolusArcher-YS","pid":6996,"level":20,"msg":"Plugin loaded: \u001b[35mhexo-renderer-stylus\u001b[39m","time":"2018-03-28T03:45:01.682Z","v":0}
{"name":"hexo","hostname":"SolusArcher-YS","pid":6996,"level":20,"msg":"Plugin loaded: \u001b[35mhexo-generator-tag\u001b[39m","time":"2018-03-28T03:45:01.696Z","v":0}
{"name":"hexo","hostname":"SolusArcher-YS","pid":6996,"level":20,"msg":"Plugin loaded: \u001b[35mhexo-renderer-marked\u001b[39m","time":"2018-03-28T03:45:01.730Z","v":0}
{"name":"hexo","hostname":"SolusArcher-YS","pid":6996,"level":20,"msg":"Plugin loaded: \u001b[35mhexo-server\u001b[39m","time":"2018-03-28T03:45:02.428Z","v":0}
{"name":"hexo","hostname":"SolusArcher-YS","pid":6996,"level":20,"msg":"Script loaded: \u001b[35mthemes\\next\\scripts\\merge.js\u001b[39m","time":"2018-03-28T03:45:02.471Z","v":0}
{"name":"hexo","hostname":"SolusArcher-YS","pid":6996,"level":20,"msg":"Script loaded: \u001b[35mthemes\\next\\scripts\\tags\\full-image.js\u001b[39m","time":"2018-03-28T03:45:02.475Z","v":0}
{"name":"hexo","hostname":"SolusArcher-YS","pid":6996,"level":20,"msg":"Script loaded: \u001b[35mthemes\\next\\scripts\\tags\\exturl.js\u001b[39m","time":"2018-03-28T03:45:02.478Z","v":0}
{"name":"hexo","hostname":"SolusArcher-YS","pid":6996,"level":20,"msg":"Script loaded: \u001b[35mthemes\\next\\scripts\\tags\\center-quote.js\u001b[39m","time":"2018-03-28T03:45:02.481Z","v":0}
{"name":"hexo","hostname":"SolusArcher-YS","pid":6996,"level":20,"msg":"Script loaded: \u001b[35mthemes\\next\\scripts\\tags\\label.js\u001b[39m","time":"2018-03-28T03:45:02.484Z","v":0}
{"name":"hexo","hostname":"SolusArcher-YS","pid":6996,"level":20,"msg":"Script loaded: \u001b[35mthemes\\next\\scripts\\tags\\lazy-image.js\u001b[39m","time":"2018-03-28T03:45:02.485Z","v":0}
{"name":"hexo","hostname":"SolusArcher-YS","pid":6996,"level":20,"msg":"Script loaded: \u001b[35mthemes\\next\\scripts\\tags\\note.js\u001b[39m","time":"2018-03-28T03:45:02.486Z","v":0}
{"name":"hexo","hostname":"SolusArcher-YS","pid":6996,"level":20,"msg":"Script loaded: \u001b[35mthemes\\next\\scripts\\tags\\tabs.js\u001b[39m","time":"2018-03-28T03:45:02.487Z","v":0}
{"name":"hexo","hostname":"SolusArcher-YS","pid":6996,"level":20,"msg":"Script loaded: \u001b[35mthemes\\next\\scripts\\tags\\button.js\u001b[39m","time":"2018-03-28T03:45:02.514Z","v":0}
{"name":"hexo","hostname":"SolusArcher-YS","pid":6996,"level":20,"msg":"Script loaded: \u001b[35mthemes\\next\\scripts\\merge-configs.js\u001b[39m","time":"2018-03-28T03:45:02.521Z","v":0}
{"name":"hexo","hostname":"SolusArcher-YS","pid":6996,"level":20,"msg":"Script loaded: \u001b[35mthemes\\next\\scripts\\tags\\group-pictures.js\u001b[39m","time":"2018-03-28T03:45:02.523Z","v":0}
{"name":"hexo","hostname":"SolusArcher-YS","pid":6996,"level":20,"msg":"Database saved","time":"2018-03-28T03:45:02.551Z","v":0}
{"name":"hexo","hostname":"SolusArcher-YS","pid":15524,"level":20,"msg":"Hexo version: \u001b[35m3.5.0\u001b[39m","time":"2018-03-28T03:48:15.859Z","v":0}
{"name":"hexo","hostname":"SolusArcher-YS","pid":15524,"level":20,"msg":"Working directory: \u001b[35mC:\\code\\blog\\yanshixiao.github.io\\\u001b[39m","time":"2018-03-28T03:48:15.863Z","v":0}
{"name":"hexo","hostname":"SolusArcher-YS","pid":15524,"level":20,"msg":"Config loaded: \u001b[35mC:\\code\\blog\\yanshixiao.github.io\\_config.yml\u001b[39m","time":"2018-03-28T03:48:16.019Z","v":0}
{"name":"hexo","hostname":"SolusArcher-YS","pid":15524,"level":20,"msg":"Plugin loaded: \u001b[35mhexo-deployer-git\u001b[39m","time":"2018-03-28T03:48:16.073Z","v":0}
{"name":"hexo","hostname":"SolusArcher-YS","pid":15524,"level":20,"msg":"Plugin loaded: \u001b[35mhexo-generator-category\u001b[39m","time":"2018-03-28T03:48:16.083Z","v":0}
{"name":"hexo","hostname":"SolusArcher-YS","pid":15524,"level":20,"msg":"Plugin loaded: \u001b[35mhexo-generator-archive\u001b[39m","time":"2018-03-28T03:48:16.089Z","v":0}
{"name":"hexo","hostname":"SolusArcher-YS","pid":15524,"level":20,"msg":"Plugin loaded: \u001b[35mhexo-generator-index\u001b[39m","time":"2018-03-28T03:48:16.093Z","v":0}
{"name":"hexo","hostname":"SolusArcher-YS","pid":15524,"level":20,"msg":"Plugin loaded: \u001b[35mhexo-generator-tag\u001b[39m","time":"2018-03-28T03:48:16.098Z","v":0}
{"name":"hexo","hostname":"SolusArcher-YS","pid":15524,"level":20,"msg":"Plugin loaded: \u001b[35mhexo-renderer-marked\u001b[39m","time":"2018-03-28T03:48:16.110Z","v":0}
{"name":"hexo","hostname":"SolusArcher-YS","pid":15524,"level":20,"msg":"Plugin loaded: \u001b[35mhexo-renderer-ejs\u001b[39m","time":"2018-03-28T03:48:16.118Z","v":0}
{"name":"hexo","hostname":"SolusArcher-YS","pid":15524,"level":20,"msg":"Plugin loaded: \u001b[35mhexo-server\u001b[39m","time":"2018-03-28T03:48:16.230Z","v":0}
{"name":"hexo","hostname":"SolusArcher-YS","pid":15524,"level":20,"msg":"Plugin loaded: \u001b[35mhexo-renderer-stylus\u001b[39m","time":"2018-03-28T03:48:16.234Z","v":0}
{"name":"hexo","hostname":"SolusArcher-YS","pid":15524,"level":20,"msg":"Plugin loaded: \u001b[35mhexo-wordcount\u001b[39m","time":"2018-03-28T03:48:16.311Z","v":0}
{"name":"hexo","hostname":"SolusArcher-YS","pid":15524,"level":20,"msg":"Script loaded: \u001b[35mthemes\\next\\scripts\\merge.js\u001b[39m","time":"2018-03-28T03:48:16.325Z","v":0}
{"name":"hexo","hostname":"SolusArcher-YS","pid":15524,"level":20,"msg":"Script loaded: \u001b[35mthemes\\next\\scripts\\merge-configs.js\u001b[39m","time":"2018-03-28T03:48:16.330Z","v":0}
{"name":"hexo","hostname":"SolusArcher-YS","pid":15524,"level":20,"msg":"Script loaded: \u001b[35mthemes\\next\\scripts\\tags\\button.js\u001b[39m","time":"2018-03-28T03:48:16.334Z","v":0}
{"name":"hexo","hostname":"SolusArcher-YS","pid":15524,"level":20,"msg":"Script loaded: \u001b[35mthemes\\next\\scripts\\tags\\center-quote.js\u001b[39m","time":"2018-03-28T03:48:16.335Z","v":0}
{"name":"hexo","hostname":"SolusArcher-YS","pid":15524,"level":20,"msg":"Script loaded: \u001b[35mthemes\\next\\scripts\\tags\\full-image.js\u001b[39m","time":"2018-03-28T03:48:16.336Z","v":0}
{"name":"hexo","hostname":"SolusArcher-YS","pid":15524,"level":20,"msg":"Script loaded: \u001b[35mthemes\\next\\scripts\\tags\\exturl.js\u001b[39m","time":"2018-03-28T03:48:16.342Z","v":0}
{"name":"hexo","hostname":"SolusArcher-YS","pid":15524,"level":20,"msg":"Script loaded: \u001b[35mthemes\\next\\scripts\\tags\\group-pictures.js\u001b[39m","time":"2018-03-28T03:48:16.345Z","v":0}
{"name":"hexo","hostname":"SolusArcher-YS","pid":15524,"level":20,"msg":"Script loaded: \u001b[35mthemes\\next\\scripts\\tags\\label.js\u001b[39m","time":"2018-03-28T03:48:16.346Z","v":0}
{"name":"hexo","hostname":"SolusArcher-YS","pid":15524,"level":20,"msg":"Script loaded: \u001b[35mthemes\\next\\scripts\\tags\\note.js\u001b[39m","time":"2018-03-28T03:48:16.349Z","v":0}
{"name":"hexo","hostname":"SolusArcher-YS","pid":15524,"level":20,"msg":"Script loaded: \u001b[35mthemes\\next\\scripts\\tags\\lazy-image.js\u001b[39m","time":"2018-03-28T03:48:16.351Z","v":0}
{"name":"hexo","hostname":"SolusArcher-YS","pid":15524,"level":20,"msg":"Script loaded: \u001b[35mthemes\\next\\scripts\\tags\\tabs.js\u001b[39m","time":"2018-03-28T03:48:16.354Z","v":0}
{"name":"hexo","hostname":"SolusArcher-YS","pid":15524,"level":20,"msg":"Database saved","time":"2018-03-28T03:48:16.372Z","v":0}
